TN:
SF:app.js
FNF:0
FNH:0
DA:1,6
DA:2,6
DA:3,6
DA:5,6
DA:7,6
DA:8,6
DA:9,6
DA:13,6
LF:8
LH:8
BRDA:1,0,0,6
BRDA:1,0,1,0
BRF:2
BRH:1
end_of_record
TN:
SF:config\config.js
FNF:0
FNH:0
DA:1,6
DA:3,6
LF:2
LH:2
BRF:0
BRH:0
end_of_record
TN:
SF:controllers\photos-controller.js
FN:4,(anonymous_0)
FN:13,(anonymous_1)
FN:32,(anonymous_2)
FNF:3
FNH:3
FNDA:1,(anonymous_0)
FNDA:2,(anonymous_1)
FNDA:6,(anonymous_2)
DA:1,6
DA:5,1
DA:6,1
DA:7,1
DA:9,0
DA:14,2
DA:15,2
DA:16,2
DA:25,2
DA:26,1
DA:28,1
DA:33,6
DA:34,6
DA:35,6
DA:36,6
DA:37,1
DA:39,5
DA:44,6
LF:18
LH:17
BRDA:25,0,0,1
BRDA:25,0,1,1
BRF:2
BRH:2
end_of_record
TN:
SF:controllers\users-controller.js
FN:6,(anonymous_0)
FN:22,(anonymous_1)
FNF:2
FNH:2
FNDA:7,(anonymous_0)
FNDA:9,(anonymous_1)
DA:1,6
DA:2,6
DA:3,6
DA:7,7
DA:8,7
DA:10,7
DA:11,3
DA:12,3
DA:13,2
DA:14,1
DA:15,1
DA:18,6
DA:23,9
DA:24,9
DA:25,9
DA:26,1
DA:31,8
DA:36,6
LF:18
LH:18
BRDA:10,0,0,4
BRDA:10,0,1,3
BRDA:10,1,0,7
BRDA:10,1,1,5
BRDA:12,2,0,1
BRDA:12,2,1,2
BRDA:13,3,0,1
BRDA:13,3,1,1
BRF:8
BRH:8
end_of_record
TN:
SF:helpers\hash.js
FN:3,hash
FN:7,compare
FNF:2
FNH:2
FNDA:7,hash
FNDA:2,compare
DA:1,6
DA:4,7
DA:8,2
DA:11,6
LF:4
LH:4
BRF:0
BRH:0
end_of_record
TN:
SF:helpers\jwt.js
FN:3,sign
FN:7,verify
FNF:2
FNH:2
FNDA:7,sign
FNDA:16,verify
DA:1,6
DA:4,7
DA:8,16
DA:11,6
LF:4
LH:4
BRF:0
BRH:0
end_of_record
TN:
SF:middlewares\authentication-middleware.js
FN:4,authenticationMiddleware
FNF:1
FNH:1
FNDA:21,authenticationMiddleware
DA:1,6
DA:2,6
DA:5,21
DA:6,21
DA:7,21
DA:8,18
DA:9,18
DA:10,15
DA:11,12
DA:12,12
DA:13,9
DA:14,9
DA:16,12
DA:20,6
LF:14
LH:14
BRDA:7,0,0,3
BRDA:7,0,1,18
BRDA:9,1,0,3
BRDA:9,1,1,15
BRDA:12,2,0,3
BRDA:12,2,1,9
BRF:6
BRH:6
end_of_record
TN:
SF:middlewares\error-middleware.js
FN:1,errorMiddleware
FN:16,(anonymous_1)
FNF:2
FNH:2
FNDA:33,errorMiddleware
FNDA:15,(anonymous_1)
DA:2,33
DA:3,33
DA:5,33
DA:6,6
DA:7,6
DA:8,27
DA:9,6
DA:10,6
DA:11,21
DA:12,1
DA:13,1
DA:14,20
DA:15,12
DA:16,15
DA:17,8
DA:22,6
DA:23,6
DA:24,2
DA:25,1
DA:26,1
DA:27,1
DA:28,1
DA:29,1
DA:32,33
DA:35,6
LF:25
LH:25
BRDA:5,0,0,6
BRDA:5,0,1,27
BRDA:5,1,0,33
BRDA:5,1,1,30
BRDA:8,2,0,6
BRDA:8,2,1,21
BRDA:8,3,0,27
BRDA:8,3,1,24
BRDA:11,4,0,1
BRDA:11,4,1,20
BRDA:14,5,0,12
BRDA:14,5,1,8
BRDA:17,6,0,6
BRDA:17,6,1,2
BRDA:18,7,0,8
BRDA:18,7,1,7
BRDA:18,7,2,6
BRDA:24,8,0,1
BRDA:24,8,1,1
BRDA:27,9,0,1
BRDA:27,9,1,0
BRF:21
BRH:20
end_of_record
TN:
SF:models\index.js
FN:19,(anonymous_0)
FN:22,(anonymous_1)
FN:27,(anonymous_2)
FNF:3
FNH:3
FNDA:18,(anonymous_0)
FNDA:12,(anonymous_1)
FNDA:12,(anonymous_2)
DA:3,6
DA:4,6
DA:5,6
DA:6,6
DA:7,6
DA:8,6
DA:9,6
DA:12,6
DA:13,0
DA:15,6
DA:18,6
DA:20,18
DA:23,12
DA:24,12
DA:27,6
DA:28,12
DA:29,12
DA:33,6
DA:34,6
DA:36,6
LF:20
LH:19
BRDA:7,0,0,6
BRDA:7,0,1,0
BRDA:12,1,0,0
BRDA:12,1,1,6
BRDA:20,2,0,18
BRDA:20,2,1,18
BRDA:20,2,2,12
BRDA:28,3,0,12
BRDA:28,3,1,0
BRF:9
BRH:6
end_of_record
TN:
SF:models\photo.js
FN:3,(anonymous_0)
FN:10,(anonymous_1)
FN:60,(anonymous_2)
FNF:3
FNH:3
FNDA:6,(anonymous_0)
FNDA:6,(anonymous_1)
FNDA:1,(anonymous_2)
DA:2,6
DA:3,6
DA:12,6
DA:15,6
DA:61,1
DA:68,6
LF:6
LH:6
BRF:0
BRH:0
end_of_record
TN:
SF:models\user.js
FN:4,(anonymous_0)
FN:11,(anonymous_1)
FN:60,(anonymous_2)
FNF:3
FNH:3
FNDA:6,(anonymous_0)
FNDA:6,(anonymous_1)
FNDA:2,(anonymous_2)
DA:2,6
DA:3,6
DA:4,6
DA:13,6
DA:16,6
DA:61,2
DA:68,6
LF:7
LH:7
BRF:0
BRH:0
end_of_record
TN:
SF:routes\index.js
FN:9,(anonymous_0)
FNF:1
FNH:1
FNDA:1,(anonymous_0)
DA:1,6
DA:2,6
DA:3,6
DA:4,6
DA:6,6
DA:7,6
DA:9,6
DA:10,1
DA:13,6
DA:15,6
LF:10
LH:10
BRF:0
BRH:0
end_of_record
TN:
SF:routes\photos-router.js
FNF:0
FNH:0
DA:1,6
DA:2,6
DA:3,6
DA:5,6
DA:6,6
DA:7,6
DA:8,6
DA:10,6
LF:8
LH:8
BRF:0
BRH:0
end_of_record
TN:
SF:routes\users-router.js
FNF:0
FNH:0
DA:1,6
DA:2,6
DA:4,6
DA:5,6
DA:7,6
LF:5
LH:5
BRF:0
BRH:0
end_of_record
